[0.126s] DEBUG:colcon:Command line arguments: ['/usr/bin/colcon', 'build', '--symlink-install']
[0.127s] DEBUG:colcon:Parsed command line arguments: Namespace(log_base=None, log_level=None, verb_name='build', build_base='build', install_base='install', merge_install=False, symlink_install=True, test_result_base=None, continue_on_error=False, executor='parallel', parallel_workers=16, event_handlers=None, ignore_user_meta=False, metas=['./colcon.meta'], base_paths=['.'], packages_ignore=None, packages_ignore_regex=None, paths=None, packages_up_to=None, packages_up_to_regex=None, packages_above=None, packages_above_and_dependencies=None, packages_above_depth=None, packages_select_by_dep=None, packages_skip_by_dep=None, packages_skip_up_to=None, packages_select_build_failed=False, packages_skip_build_finished=False, packages_select_test_failures=False, packages_skip_test_passed=False, packages_select=None, packages_skip=None, packages_select_regex=None, packages_skip_regex=None, packages_start=None, packages_end=None, allow_overriding=[], cmake_args=None, cmake_target=None, cmake_target_skip_unavailable=False, cmake_clean_cache=False, cmake_clean_first=False, cmake_force_configure=False, ament_cmake_args=None, catkin_cmake_args=None, catkin_skip_building_tests=False, mixin_files=None, mixin=None, verb_parser=<colcon_mixin.mixin.mixin_argument.MixinArgumentDecorator object at 0x7f5e8d8466e0>, verb_extension=<colcon_core.verb.build.BuildVerb object at 0x7f5e8d956d40>, main=<bound method BuildVerb.main of <colcon_core.verb.build.BuildVerb object at 0x7f5e8d956d40>>, mixin_verb=('build',))
[0.310s] Level 1:colcon.colcon_core.package_discovery:discover_packages(colcon_meta) check parameters
[0.310s] Level 1:colcon.colcon_core.package_discovery:discover_packages(recursive) check parameters
[0.310s] Level 1:colcon.colcon_core.package_discovery:discover_packages(ignore) check parameters
[0.310s] Level 1:colcon.colcon_core.package_discovery:discover_packages(path) check parameters
[0.310s] Level 1:colcon.colcon_core.package_discovery:discover_packages(colcon_meta) discover
[0.310s] Level 1:colcon.colcon_core.package_discovery:discover_packages(recursive) discover
[0.310s] INFO:colcon.colcon_core.package_discovery:Crawling recursively for packages in '/home/segula/dev_ws'
[0.310s] Level 1:colcon.colcon_core.package_identification:_identify(.) by extensions ['ignore', 'ignore_ament_install']
[0.311s] Level 1:colcon.colcon_core.package_identification:_identify(.) by extension 'ignore'
[0.311s] Level 1:colcon.colcon_core.package_identification:_identify(.) by extension 'ignore_ament_install'
[0.311s] Level 1:colcon.colcon_core.package_identification:_identify(.) by extensions ['colcon_pkg']
[0.311s] Level 1:colcon.colcon_core.package_identification:_identify(.) by extension 'colcon_pkg'
[0.311s] Level 1:colcon.colcon_core.package_identification:_identify(.) by extensions ['colcon_meta']
[0.311s] Level 1:colcon.colcon_core.package_identification:_identify(.) by extension 'colcon_meta'
[0.311s] Level 1:colcon.colcon_core.package_identification:_identify(.) by extensions ['ros']
[0.311s] Level 1:colcon.colcon_core.package_identification:_identify(.) by extension 'ros'
[0.322s] Level 1:colcon.colcon_core.package_identification:_identify(.) by extensions ['cmake', 'python']
[0.322s] Level 1:colcon.colcon_core.package_identification:_identify(.) by extension 'cmake'
[0.322s] Level 1:colcon.colcon_core.package_identification:_identify(.) by extension 'python'
[0.322s] Level 1:colcon.colcon_core.package_identification:_identify(.) by extensions ['python_setup_py']
[0.322s] Level 1:colcon.colcon_core.package_identification:_identify(.) by extension 'python_setup_py'
[0.322s] Level 1:colcon.colcon_core.package_identification:_identify(build) by extensions ['ignore', 'ignore_ament_install']
[0.322s] Level 1:colcon.colcon_core.package_identification:_identify(build) by extension 'ignore'
[0.323s] Level 1:colcon.colcon_core.package_identification:_identify(build) ignored
[0.323s] Level 1:colcon.colcon_core.package_identification:_identify(install) by extensions ['ignore', 'ignore_ament_install']
[0.323s] Level 1:colcon.colcon_core.package_identification:_identify(install) by extension 'ignore'
[0.323s] Level 1:colcon.colcon_core.package_identification:_identify(install) ignored
[0.323s] Level 1:colcon.colcon_core.package_identification:_identify(log) by extensions ['ignore', 'ignore_ament_install']
[0.323s] Level 1:colcon.colcon_core.package_identification:_identify(log) by extension 'ignore'
[0.323s] Level 1:colcon.colcon_core.package_identification:_identify(log) ignored
[0.323s] Level 1:colcon.colcon_core.package_identification:_identify(src) by extensions ['ignore', 'ignore_ament_install']
[0.324s] Level 1:colcon.colcon_core.package_identification:_identify(src) by extension 'ignore'
[0.324s] Level 1:colcon.colcon_core.package_identification:_identify(src) by extension 'ignore_ament_install'
[0.324s] Level 1:colcon.colcon_core.package_identification:_identify(src) by extensions ['colcon_pkg']
[0.324s] Level 1:colcon.colcon_core.package_identification:_identify(src) by extension 'colcon_pkg'
[0.324s] Level 1:colcon.colcon_core.package_identification:_identify(src) by extensions ['colcon_meta']
[0.324s] Level 1:colcon.colcon_core.package_identification:_identify(src) by extension 'colcon_meta'
[0.324s] Level 1:colcon.colcon_core.package_identification:_identify(src) by extensions ['ros']
[0.324s] Level 1:colcon.colcon_core.package_identification:_identify(src) by extension 'ros'
[0.324s] Level 1:colcon.colcon_core.package_identification:_identify(src) by extensions ['cmake', 'python']
[0.324s] Level 1:colcon.colcon_core.package_identification:_identify(src) by extension 'cmake'
[0.324s] Level 1:colcon.colcon_core.package_identification:_identify(src) by extension 'python'
[0.324s] Level 1:colcon.colcon_core.package_identification:_identify(src) by extensions ['python_setup_py']
[0.325s] Level 1:colcon.colcon_core.package_identification:_identify(src) by extension 'python_setup_py'
[0.325s] Level 1:colcon.colcon_core.package_identification:_identify(src/articubot_one) by extensions ['ignore', 'ignore_ament_install']
[0.325s] Level 1:colcon.colcon_core.package_identification:_identify(src/articubot_one) by extension 'ignore'
[0.325s] Level 1:colcon.colcon_core.package_identification:_identify(src/articubot_one) by extension 'ignore_ament_install'
[0.325s] Level 1:colcon.colcon_core.package_identification:_identify(src/articubot_one) by extensions ['colcon_pkg']
[0.325s] Level 1:colcon.colcon_core.package_identification:_identify(src/articubot_one) by extension 'colcon_pkg'
[0.325s] Level 1:colcon.colcon_core.package_identification:_identify(src/articubot_one) by extensions ['colcon_meta']
[0.325s] Level 1:colcon.colcon_core.package_identification:_identify(src/articubot_one) by extension 'colcon_meta'
[0.325s] Level 1:colcon.colcon_core.package_identification:_identify(src/articubot_one) by extensions ['ros']
[0.325s] Level 1:colcon.colcon_core.package_identification:_identify(src/articubot_one) by extension 'ros'
[0.328s] DEBUG:colcon.colcon_core.package_identification:Package 'src/articubot_one' with type 'ros.ament_cmake' and name 'articubot_one'
[0.328s] Level 1:colcon.colcon_core.package_identification:_identify(src/velodyne_description) by extensions ['ignore', 'ignore_ament_install']
[0.328s] Level 1:colcon.colcon_core.package_identification:_identify(src/velodyne_description) by extension 'ignore'
[0.328s] Level 1:colcon.colcon_core.package_identification:_identify(src/velodyne_description) by extension 'ignore_ament_install'
[0.328s] Level 1:colcon.colcon_core.package_identification:_identify(src/velodyne_description) by extensions ['colcon_pkg']
[0.328s] Level 1:colcon.colcon_core.package_identification:_identify(src/velodyne_description) by extension 'colcon_pkg'
[0.328s] Level 1:colcon.colcon_core.package_identification:_identify(src/velodyne_description) by extensions ['colcon_meta']
[0.328s] Level 1:colcon.colcon_core.package_identification:_identify(src/velodyne_description) by extension 'colcon_meta'
[0.328s] Level 1:colcon.colcon_core.package_identification:_identify(src/velodyne_description) by extensions ['ros']
[0.328s] Level 1:colcon.colcon_core.package_identification:_identify(src/velodyne_description) by extension 'ros'
[0.329s] DEBUG:colcon.colcon_core.package_identification:Package 'src/velodyne_description' with type 'ros.ament_cmake' and name 'velodyne_description'
[0.329s] Level 1:colcon.colcon_core.package_identification:_identify(src/velodyne_gazebo_plugins) by extensions ['ignore', 'ignore_ament_install']
[0.329s] Level 1:colcon.colcon_core.package_identification:_identify(src/velodyne_gazebo_plugins) by extension 'ignore'
[0.329s] Level 1:colcon.colcon_core.package_identification:_identify(src/velodyne_gazebo_plugins) by extension 'ignore_ament_install'
[0.330s] Level 1:colcon.colcon_core.package_identification:_identify(src/velodyne_gazebo_plugins) by extensions ['colcon_pkg']
[0.330s] Level 1:colcon.colcon_core.package_identification:_identify(src/velodyne_gazebo_plugins) by extension 'colcon_pkg'
[0.330s] Level 1:colcon.colcon_core.package_identification:_identify(src/velodyne_gazebo_plugins) by extensions ['colcon_meta']
[0.330s] Level 1:colcon.colcon_core.package_identification:_identify(src/velodyne_gazebo_plugins) by extension 'colcon_meta'
[0.330s] Level 1:colcon.colcon_core.package_identification:_identify(src/velodyne_gazebo_plugins) by extensions ['ros']
[0.330s] Level 1:colcon.colcon_core.package_identification:_identify(src/velodyne_gazebo_plugins) by extension 'ros'
[0.331s] DEBUG:colcon.colcon_core.package_identification:Package 'src/velodyne_gazebo_plugins' with type 'ros.ament_cmake' and name 'velodyne_gazebo_plugins'
[0.331s] Level 1:colcon.colcon_core.package_identification:_identify(src/velodyne_simulator) by extensions ['ignore', 'ignore_ament_install']
[0.331s] Level 1:colcon.colcon_core.package_identification:_identify(src/velodyne_simulator) by extension 'ignore'
[0.331s] Level 1:colcon.colcon_core.package_identification:_identify(src/velodyne_simulator) by extension 'ignore_ament_install'
[0.331s] Level 1:colcon.colcon_core.package_identification:_identify(src/velodyne_simulator) by extensions ['colcon_pkg']
[0.331s] Level 1:colcon.colcon_core.package_identification:_identify(src/velodyne_simulator) by extension 'colcon_pkg'
[0.331s] Level 1:colcon.colcon_core.package_identification:_identify(src/velodyne_simulator) by extensions ['colcon_meta']
[0.331s] Level 1:colcon.colcon_core.package_identification:_identify(src/velodyne_simulator) by extension 'colcon_meta'
[0.332s] Level 1:colcon.colcon_core.package_identification:_identify(src/velodyne_simulator) by extensions ['ros']
[0.332s] Level 1:colcon.colcon_core.package_identification:_identify(src/velodyne_simulator) by extension 'ros'
[0.332s] DEBUG:colcon.colcon_core.package_identification:Package 'src/velodyne_simulator' with type 'ros.ament_cmake' and name 'velodyne_simulator'
[0.332s] Level 1:colcon.colcon_core.package_discovery:discover_packages(recursive) using defaults
[0.332s] Level 1:colcon.colcon_core.package_discovery:discover_packages(ignore) discover
[0.332s] Level 1:colcon.colcon_core.package_discovery:discover_packages(ignore) using defaults
[0.332s] Level 1:colcon.colcon_core.package_discovery:discover_packages(path) discover
[0.332s] Level 1:colcon.colcon_core.package_discovery:discover_packages(path) using defaults
[0.358s] Level 1:colcon.colcon_core.package_discovery:discover_packages(prefix_path) check parameters
[0.358s] Level 1:colcon.colcon_core.package_discovery:discover_packages(prefix_path) discover
[0.360s] DEBUG:colcon.colcon_installed_package_information.package_discovery:Found 1 installed packages in /home/segula/dev_ws/install
[0.362s] DEBUG:colcon.colcon_installed_package_information.package_discovery:Found 349 installed packages in /opt/ros/iron
[0.363s] Level 1:colcon.colcon_core.package_discovery:discover_packages(prefix_path) using defaults
[0.415s] Level 5:colcon.colcon_core.verb:set package 'articubot_one' build argument 'cmake_args' from command line to 'None'
[0.415s] Level 5:colcon.colcon_core.verb:set package 'articubot_one' build argument 'cmake_target' from command line to 'None'
[0.415s] Level 5:colcon.colcon_core.verb:set package 'articubot_one' build argument 'cmake_target_skip_unavailable' from command line to 'False'
[0.415s] Level 5:colcon.colcon_core.verb:set package 'articubot_one' build argument 'cmake_clean_cache' from command line to 'False'
[0.415s] Level 5:colcon.colcon_core.verb:set package 'articubot_one' build argument 'cmake_clean_first' from command line to 'False'
[0.415s] Level 5:colcon.colcon_core.verb:set package 'articubot_one' build argument 'cmake_force_configure' from command line to 'False'
[0.415s] Level 5:colcon.colcon_core.verb:set package 'articubot_one' build argument 'ament_cmake_args' from command line to 'None'
[0.415s] Level 5:colcon.colcon_core.verb:set package 'articubot_one' build argument 'catkin_cmake_args' from command line to 'None'
[0.415s] Level 5:colcon.colcon_core.verb:set package 'articubot_one' build argument 'catkin_skip_building_tests' from command line to 'False'
[0.415s] DEBUG:colcon.colcon_core.verb:Building package 'articubot_one' with the following arguments: {'ament_cmake_args': None, 'build_base': '/home/segula/dev_ws/build/articubot_one', 'catkin_cmake_args': None, 'catkin_skip_building_tests': False, 'cmake_args': None, 'cmake_clean_cache': False, 'cmake_clean_first': False, 'cmake_force_configure': False, 'cmake_target': None, 'cmake_target_skip_unavailable': False, 'install_base': '/home/segula/dev_ws/install/articubot_one', 'merge_install': False, 'path': '/home/segula/dev_ws/src/articubot_one', 'symlink_install': True, 'test_result_base': None}
[0.416s] Level 5:colcon.colcon_core.verb:set package 'velodyne_description' build argument 'cmake_args' from command line to 'None'
[0.416s] Level 5:colcon.colcon_core.verb:set package 'velodyne_description' build argument 'cmake_target' from command line to 'None'
[0.416s] Level 5:colcon.colcon_core.verb:set package 'velodyne_description' build argument 'cmake_target_skip_unavailable' from command line to 'False'
[0.416s] Level 5:colcon.colcon_core.verb:set package 'velodyne_description' build argument 'cmake_clean_cache' from command line to 'False'
[0.416s] Level 5:colcon.colcon_core.verb:set package 'velodyne_description' build argument 'cmake_clean_first' from command line to 'False'
[0.416s] Level 5:colcon.colcon_core.verb:set package 'velodyne_description' build argument 'cmake_force_configure' from command line to 'False'
[0.416s] Level 5:colcon.colcon_core.verb:set package 'velodyne_description' build argument 'ament_cmake_args' from command line to 'None'
[0.416s] Level 5:colcon.colcon_core.verb:set package 'velodyne_description' build argument 'catkin_cmake_args' from command line to 'None'
[0.416s] Level 5:colcon.colcon_core.verb:set package 'velodyne_description' build argument 'catkin_skip_building_tests' from command line to 'False'
[0.416s] DEBUG:colcon.colcon_core.verb:Building package 'velodyne_description' with the following arguments: {'ament_cmake_args': None, 'build_base': '/home/segula/dev_ws/build/velodyne_description', 'catkin_cmake_args': None, 'catkin_skip_building_tests': False, 'cmake_args': None, 'cmake_clean_cache': False, 'cmake_clean_first': False, 'cmake_force_configure': False, 'cmake_target': None, 'cmake_target_skip_unavailable': False, 'install_base': '/home/segula/dev_ws/install/velodyne_description', 'merge_install': False, 'path': '/home/segula/dev_ws/src/velodyne_description', 'symlink_install': True, 'test_result_base': None}
[0.417s] Level 5:colcon.colcon_core.verb:set package 'velodyne_gazebo_plugins' build argument 'cmake_args' from command line to 'None'
[0.417s] Level 5:colcon.colcon_core.verb:set package 'velodyne_gazebo_plugins' build argument 'cmake_target' from command line to 'None'
[0.417s] Level 5:colcon.colcon_core.verb:set package 'velodyne_gazebo_plugins' build argument 'cmake_target_skip_unavailable' from command line to 'False'
[0.417s] Level 5:colcon.colcon_core.verb:set package 'velodyne_gazebo_plugins' build argument 'cmake_clean_cache' from command line to 'False'
[0.417s] Level 5:colcon.colcon_core.verb:set package 'velodyne_gazebo_plugins' build argument 'cmake_clean_first' from command line to 'False'
[0.417s] Level 5:colcon.colcon_core.verb:set package 'velodyne_gazebo_plugins' build argument 'cmake_force_configure' from command line to 'False'
[0.417s] Level 5:colcon.colcon_core.verb:set package 'velodyne_gazebo_plugins' build argument 'ament_cmake_args' from command line to 'None'
[0.417s] Level 5:colcon.colcon_core.verb:set package 'velodyne_gazebo_plugins' build argument 'catkin_cmake_args' from command line to 'None'
[0.417s] Level 5:colcon.colcon_core.verb:set package 'velodyne_gazebo_plugins' build argument 'catkin_skip_building_tests' from command line to 'False'
[0.417s] DEBUG:colcon.colcon_core.verb:Building package 'velodyne_gazebo_plugins' with the following arguments: {'ament_cmake_args': None, 'build_base': '/home/segula/dev_ws/build/velodyne_gazebo_plugins', 'catkin_cmake_args': None, 'catkin_skip_building_tests': False, 'cmake_args': None, 'cmake_clean_cache': False, 'cmake_clean_first': False, 'cmake_force_configure': False, 'cmake_target': None, 'cmake_target_skip_unavailable': False, 'install_base': '/home/segula/dev_ws/install/velodyne_gazebo_plugins', 'merge_install': False, 'path': '/home/segula/dev_ws/src/velodyne_gazebo_plugins', 'symlink_install': True, 'test_result_base': None}
[0.418s] Level 5:colcon.colcon_core.verb:set package 'velodyne_simulator' build argument 'cmake_args' from command line to 'None'
[0.418s] Level 5:colcon.colcon_core.verb:set package 'velodyne_simulator' build argument 'cmake_target' from command line to 'None'
[0.418s] Level 5:colcon.colcon_core.verb:set package 'velodyne_simulator' build argument 'cmake_target_skip_unavailable' from command line to 'False'
[0.418s] Level 5:colcon.colcon_core.verb:set package 'velodyne_simulator' build argument 'cmake_clean_cache' from command line to 'False'
[0.418s] Level 5:colcon.colcon_core.verb:set package 'velodyne_simulator' build argument 'cmake_clean_first' from command line to 'False'
[0.418s] Level 5:colcon.colcon_core.verb:set package 'velodyne_simulator' build argument 'cmake_force_configure' from command line to 'False'
[0.418s] Level 5:colcon.colcon_core.verb:set package 'velodyne_simulator' build argument 'ament_cmake_args' from command line to 'None'
[0.418s] Level 5:colcon.colcon_core.verb:set package 'velodyne_simulator' build argument 'catkin_cmake_args' from command line to 'None'
[0.418s] Level 5:colcon.colcon_core.verb:set package 'velodyne_simulator' build argument 'catkin_skip_building_tests' from command line to 'False'
[0.418s] DEBUG:colcon.colcon_core.verb:Building package 'velodyne_simulator' with the following arguments: {'ament_cmake_args': None, 'build_base': '/home/segula/dev_ws/build/velodyne_simulator', 'catkin_cmake_args': None, 'catkin_skip_building_tests': False, 'cmake_args': None, 'cmake_clean_cache': False, 'cmake_clean_first': False, 'cmake_force_configure': False, 'cmake_target': None, 'cmake_target_skip_unavailable': False, 'install_base': '/home/segula/dev_ws/install/velodyne_simulator', 'merge_install': False, 'path': '/home/segula/dev_ws/src/velodyne_simulator', 'symlink_install': True, 'test_result_base': None}
[0.418s] INFO:colcon.colcon_core.executor:Executing jobs using 'parallel' executor
[0.419s] DEBUG:colcon.colcon_parallel_executor.executor.parallel:run_until_complete
[0.419s] INFO:colcon.colcon_ros.task.ament_cmake.build:Building ROS package in '/home/segula/dev_ws/src/velodyne_description' with build type 'ament_cmake'
[0.420s] INFO:colcon.colcon_cmake.task.cmake.build:Building CMake package in '/home/segula/dev_ws/src/velodyne_description'
[0.422s] INFO:colcon.colcon_core.plugin_system:Skipping extension 'colcon_core.shell.bat': Not used on non-Windows systems
[0.422s] INFO:colcon.colcon_core.shell:Skip shell extension 'powershell' for command environment: Not usable outside of PowerShell
[0.422s] DEBUG:colcon.colcon_core.shell:Skip shell extension 'dsv' for command environment
[0.426s] INFO:colcon.colcon_ros.task.ament_cmake.build:Building ROS package in '/home/segula/dev_ws/src/velodyne_gazebo_plugins' with build type 'ament_cmake'
[0.426s] INFO:colcon.colcon_cmake.task.cmake.build:Building CMake package in '/home/segula/dev_ws/src/velodyne_gazebo_plugins'
[0.426s] INFO:colcon.colcon_core.shell:Skip shell extension 'powershell' for command environment: Not usable outside of PowerShell
[0.426s] DEBUG:colcon.colcon_core.shell:Skip shell extension 'dsv' for command environment
[0.429s] INFO:colcon.colcon_ros.task.ament_cmake.build:Building ROS package in '/home/segula/dev_ws/src/articubot_one' with build type 'ament_cmake'
[0.430s] INFO:colcon.colcon_cmake.task.cmake.build:Building CMake package in '/home/segula/dev_ws/src/articubot_one'
[0.430s] INFO:colcon.colcon_core.shell:Skip shell extension 'powershell' for command environment: Not usable outside of PowerShell
[0.430s] DEBUG:colcon.colcon_core.shell:Skip shell extension 'dsv' for command environment
[0.438s] DEBUG:colcon.colcon_core.event_handler.log_command:Invoking command in '/home/segula/dev_ws/build/velodyne_description': CMAKE_PREFIX_PATH=${CMAKE_PREFIX_PATH}:/opt/ros/iron /usr/bin/cmake /home/segula/dev_ws/src/velodyne_description -DAMENT_CMAKE_SYMLINK_INSTALL=1 -DCMAKE_INSTALL_PREFIX=/home/segula/dev_ws/install/velodyne_description
[0.441s] DEBUG:colcon.colcon_core.event_handler.log_command:Invoking command in '/home/segula/dev_ws/build/velodyne_gazebo_plugins': CMAKE_PREFIX_PATH=${CMAKE_PREFIX_PATH}:/opt/ros/iron /usr/bin/cmake /home/segula/dev_ws/src/velodyne_gazebo_plugins -DAMENT_CMAKE_SYMLINK_INSTALL=1 -DCMAKE_INSTALL_PREFIX=/home/segula/dev_ws/install/velodyne_gazebo_plugins
[0.445s] DEBUG:colcon.colcon_core.event_handler.log_command:Invoking command in '/home/segula/dev_ws/build/articubot_one': CMAKE_PREFIX_PATH=${CMAKE_PREFIX_PATH}:/opt/ros/iron /usr/bin/cmake --build /home/segula/dev_ws/build/articubot_one -- -j16 -l16
[0.479s] DEBUG:colcon.colcon_core.event_handler.log_command:Invoked command in '/home/segula/dev_ws/build/articubot_one' returned '0': CMAKE_PREFIX_PATH=${CMAKE_PREFIX_PATH}:/opt/ros/iron /usr/bin/cmake --build /home/segula/dev_ws/build/articubot_one -- -j16 -l16
[0.509s] DEBUG:colcon.colcon_core.event_handler.log_command:Invoking command in '/home/segula/dev_ws/build/articubot_one': CMAKE_PREFIX_PATH=${CMAKE_PREFIX_PATH}:/opt/ros/iron /usr/bin/cmake --install /home/segula/dev_ws/build/articubot_one
[0.534s] Level 1:colcon.colcon_core.environment:create_environment_scripts_only(articubot_one)
[0.536s] DEBUG:colcon.colcon_core.event_handler.log_command:Invoked command in '/home/segula/dev_ws/build/articubot_one' returned '0': CMAKE_PREFIX_PATH=${CMAKE_PREFIX_PATH}:/opt/ros/iron /usr/bin/cmake --install /home/segula/dev_ws/build/articubot_one
[0.540s] Level 1:colcon.colcon_core.environment:checking '/home/segula/dev_ws/install/articubot_one' for CMake module files
[0.541s] Level 1:colcon.colcon_core.environment:checking '/home/segula/dev_ws/install/articubot_one' for CMake config files
[0.542s] Level 1:colcon.colcon_core.shell:create_environment_hook('articubot_one', 'cmake_prefix_path')
[0.542s] INFO:colcon.colcon_core.shell:Creating environment hook '/home/segula/dev_ws/install/articubot_one/share/articubot_one/hook/cmake_prefix_path.ps1'
[0.544s] INFO:colcon.colcon_core.shell:Creating environment descriptor '/home/segula/dev_ws/install/articubot_one/share/articubot_one/hook/cmake_prefix_path.dsv'
[0.545s] INFO:colcon.colcon_core.shell:Creating environment hook '/home/segula/dev_ws/install/articubot_one/share/articubot_one/hook/cmake_prefix_path.sh'
[0.547s] Level 1:colcon.colcon_core.environment:checking '/home/segula/dev_ws/install/articubot_one/bin'
[0.547s] Level 1:colcon.colcon_core.environment:checking '/home/segula/dev_ws/install/articubot_one/lib/pkgconfig/articubot_one.pc'
[0.548s] Level 1:colcon.colcon_core.environment:checking '/home/segula/dev_ws/install/articubot_one/lib/python3.10/site-packages'
[0.549s] Level 1:colcon.colcon_core.environment:checking '/home/segula/dev_ws/install/articubot_one/bin'
[0.549s] INFO:colcon.colcon_core.shell:Creating package script '/home/segula/dev_ws/install/articubot_one/share/articubot_one/package.ps1'
[0.551s] INFO:colcon.colcon_core.shell:Creating package descriptor '/home/segula/dev_ws/install/articubot_one/share/articubot_one/package.dsv'
[0.552s] INFO:colcon.colcon_core.shell:Creating package script '/home/segula/dev_ws/install/articubot_one/share/articubot_one/package.sh'
[0.554s] INFO:colcon.colcon_core.shell:Creating package script '/home/segula/dev_ws/install/articubot_one/share/articubot_one/package.bash'
[0.556s] INFO:colcon.colcon_core.shell:Creating package script '/home/segula/dev_ws/install/articubot_one/share/articubot_one/package.zsh'
[0.558s] Level 1:colcon.colcon_core.environment:create_file_with_runtime_dependencies(/home/segula/dev_ws/install/articubot_one/share/colcon-core/packages/articubot_one)
[0.583s] Level 1:colcon.colcon_core.environment:create_environment_scripts_only(articubot_one)
[0.584s] Level 1:colcon.colcon_core.environment:checking '/home/segula/dev_ws/install/articubot_one' for CMake module files
[0.585s] Level 1:colcon.colcon_core.environment:checking '/home/segula/dev_ws/install/articubot_one' for CMake config files
[0.586s] Level 1:colcon.colcon_core.shell:create_environment_hook('articubot_one', 'cmake_prefix_path')
[0.586s] INFO:colcon.colcon_core.shell:Creating environment hook '/home/segula/dev_ws/install/articubot_one/share/articubot_one/hook/cmake_prefix_path.ps1'
[0.587s] INFO:colcon.colcon_core.shell:Creating environment descriptor '/home/segula/dev_ws/install/articubot_one/share/articubot_one/hook/cmake_prefix_path.dsv'
[0.588s] INFO:colcon.colcon_core.shell:Creating environment hook '/home/segula/dev_ws/install/articubot_one/share/articubot_one/hook/cmake_prefix_path.sh'
[0.589s] Level 1:colcon.colcon_core.environment:checking '/home/segula/dev_ws/install/articubot_one/bin'
[0.589s] Level 1:colcon.colcon_core.environment:checking '/home/segula/dev_ws/install/articubot_one/lib/pkgconfig/articubot_one.pc'
[0.590s] Level 1:colcon.colcon_core.environment:checking '/home/segula/dev_ws/install/articubot_one/lib/python3.10/site-packages'
[0.591s] Level 1:colcon.colcon_core.environment:checking '/home/segula/dev_ws/install/articubot_one/bin'
[0.591s] INFO:colcon.colcon_core.shell:Creating package script '/home/segula/dev_ws/install/articubot_one/share/articubot_one/package.ps1'
[0.593s] INFO:colcon.colcon_core.shell:Creating package descriptor '/home/segula/dev_ws/install/articubot_one/share/articubot_one/package.dsv'
[0.594s] INFO:colcon.colcon_core.shell:Creating package script '/home/segula/dev_ws/install/articubot_one/share/articubot_one/package.sh'
[0.595s] INFO:colcon.colcon_core.shell:Creating package script '/home/segula/dev_ws/install/articubot_one/share/articubot_one/package.bash'
[0.596s] INFO:colcon.colcon_core.shell:Creating package script '/home/segula/dev_ws/install/articubot_one/share/articubot_one/package.zsh'
[0.597s] Level 1:colcon.colcon_core.environment:create_file_with_runtime_dependencies(/home/segula/dev_ws/install/articubot_one/share/colcon-core/packages/articubot_one)
[2.838s] DEBUG:colcon.colcon_core.event_handler.log_command:Invoked command in '/home/segula/dev_ws/build/velodyne_description' returned '0': CMAKE_PREFIX_PATH=${CMAKE_PREFIX_PATH}:/opt/ros/iron /usr/bin/cmake /home/segula/dev_ws/src/velodyne_description -DAMENT_CMAKE_SYMLINK_INSTALL=1 -DCMAKE_INSTALL_PREFIX=/home/segula/dev_ws/install/velodyne_description
[2.839s] DEBUG:colcon.colcon_core.event_handler.log_command:Invoking command in '/home/segula/dev_ws/build/velodyne_description': CMAKE_PREFIX_PATH=${CMAKE_PREFIX_PATH}:/opt/ros/iron /usr/bin/cmake --build /home/segula/dev_ws/build/velodyne_description -- -j16 -l16
[2.885s] DEBUG:colcon.colcon_core.event_handler.log_command:Invoked command in '/home/segula/dev_ws/build/velodyne_description' returned '0': CMAKE_PREFIX_PATH=${CMAKE_PREFIX_PATH}:/opt/ros/iron /usr/bin/cmake --build /home/segula/dev_ws/build/velodyne_description -- -j16 -l16
[2.916s] DEBUG:colcon.colcon_core.event_handler.log_command:Invoking command in '/home/segula/dev_ws/build/velodyne_description': CMAKE_PREFIX_PATH=${CMAKE_PREFIX_PATH}:/opt/ros/iron /usr/bin/cmake --install /home/segula/dev_ws/build/velodyne_description
[3.242s] Level 1:colcon.colcon_core.environment:create_environment_scripts_only(velodyne_description)
[3.242s] Level 1:colcon.colcon_core.environment:checking '/home/segula/dev_ws/install/velodyne_description' for CMake module files
[3.244s] DEBUG:colcon.colcon_core.event_handler.log_command:Invoked command in '/home/segula/dev_ws/build/velodyne_description' returned '0': CMAKE_PREFIX_PATH=${CMAKE_PREFIX_PATH}:/opt/ros/iron /usr/bin/cmake --install /home/segula/dev_ws/build/velodyne_description
[3.244s] Level 1:colcon.colcon_core.environment:checking '/home/segula/dev_ws/install/velodyne_description' for CMake config files
[3.245s] Level 1:colcon.colcon_core.shell:create_environment_hook('velodyne_description', 'cmake_prefix_path')
[3.245s] INFO:colcon.colcon_core.shell:Creating environment hook '/home/segula/dev_ws/install/velodyne_description/share/velodyne_description/hook/cmake_prefix_path.ps1'
[3.246s] INFO:colcon.colcon_core.shell:Creating environment descriptor '/home/segula/dev_ws/install/velodyne_description/share/velodyne_description/hook/cmake_prefix_path.dsv'
[3.246s] INFO:colcon.colcon_core.shell:Creating environment hook '/home/segula/dev_ws/install/velodyne_description/share/velodyne_description/hook/cmake_prefix_path.sh'
[3.247s] Level 1:colcon.colcon_core.environment:checking '/home/segula/dev_ws/install/velodyne_description/bin'
[3.247s] Level 1:colcon.colcon_core.environment:checking '/home/segula/dev_ws/install/velodyne_description/lib/pkgconfig/velodyne_description.pc'
[3.247s] Level 1:colcon.colcon_core.environment:checking '/home/segula/dev_ws/install/velodyne_description/lib/python3.10/site-packages'
[3.247s] Level 1:colcon.colcon_core.environment:checking '/home/segula/dev_ws/install/velodyne_description/bin'
[3.247s] INFO:colcon.colcon_core.shell:Creating package script '/home/segula/dev_ws/install/velodyne_description/share/velodyne_description/package.ps1'
[3.248s] INFO:colcon.colcon_core.shell:Creating package descriptor '/home/segula/dev_ws/install/velodyne_description/share/velodyne_description/package.dsv'
[3.248s] INFO:colcon.colcon_core.shell:Creating package script '/home/segula/dev_ws/install/velodyne_description/share/velodyne_description/package.sh'
[3.249s] INFO:colcon.colcon_core.shell:Creating package script '/home/segula/dev_ws/install/velodyne_description/share/velodyne_description/package.bash'
[3.249s] INFO:colcon.colcon_core.shell:Creating package script '/home/segula/dev_ws/install/velodyne_description/share/velodyne_description/package.zsh'
[3.249s] Level 1:colcon.colcon_core.environment:create_file_with_runtime_dependencies(/home/segula/dev_ws/install/velodyne_description/share/colcon-core/packages/velodyne_description)
[3.278s] Level 1:colcon.colcon_core.environment:create_environment_scripts_only(velodyne_description)
[3.279s] Level 1:colcon.colcon_core.environment:checking '/home/segula/dev_ws/install/velodyne_description' for CMake module files
[3.279s] Level 1:colcon.colcon_core.environment:checking '/home/segula/dev_ws/install/velodyne_description' for CMake config files
[3.280s] Level 1:colcon.colcon_core.shell:create_environment_hook('velodyne_description', 'cmake_prefix_path')
[3.280s] INFO:colcon.colcon_core.shell:Creating environment hook '/home/segula/dev_ws/install/velodyne_description/share/velodyne_description/hook/cmake_prefix_path.ps1'
[3.280s] INFO:colcon.colcon_core.shell:Creating environment descriptor '/home/segula/dev_ws/install/velodyne_description/share/velodyne_description/hook/cmake_prefix_path.dsv'
[3.281s] INFO:colcon.colcon_core.shell:Creating environment hook '/home/segula/dev_ws/install/velodyne_description/share/velodyne_description/hook/cmake_prefix_path.sh'
[3.282s] Level 1:colcon.colcon_core.environment:checking '/home/segula/dev_ws/install/velodyne_description/bin'
[3.282s] Level 1:colcon.colcon_core.environment:checking '/home/segula/dev_ws/install/velodyne_description/lib/pkgconfig/velodyne_description.pc'
[3.282s] Level 1:colcon.colcon_core.environment:checking '/home/segula/dev_ws/install/velodyne_description/lib/python3.10/site-packages'
[3.282s] Level 1:colcon.colcon_core.environment:checking '/home/segula/dev_ws/install/velodyne_description/bin'
[3.283s] INFO:colcon.colcon_core.shell:Creating package script '/home/segula/dev_ws/install/velodyne_description/share/velodyne_description/package.ps1'
[3.284s] INFO:colcon.colcon_core.shell:Creating package descriptor '/home/segula/dev_ws/install/velodyne_description/share/velodyne_description/package.dsv'
[3.284s] INFO:colcon.colcon_core.shell:Creating package script '/home/segula/dev_ws/install/velodyne_description/share/velodyne_description/package.sh'
[3.285s] INFO:colcon.colcon_core.shell:Creating package script '/home/segula/dev_ws/install/velodyne_description/share/velodyne_description/package.bash'
[3.286s] INFO:colcon.colcon_core.shell:Creating package script '/home/segula/dev_ws/install/velodyne_description/share/velodyne_description/package.zsh'
[3.286s] Level 1:colcon.colcon_core.environment:create_file_with_runtime_dependencies(/home/segula/dev_ws/install/velodyne_description/share/colcon-core/packages/velodyne_description)
[7.424s] DEBUG:colcon.colcon_core.event_handler.log_command:Invoked command in '/home/segula/dev_ws/build/velodyne_gazebo_plugins' returned '0': CMAKE_PREFIX_PATH=${CMAKE_PREFIX_PATH}:/opt/ros/iron /usr/bin/cmake /home/segula/dev_ws/src/velodyne_gazebo_plugins -DAMENT_CMAKE_SYMLINK_INSTALL=1 -DCMAKE_INSTALL_PREFIX=/home/segula/dev_ws/install/velodyne_gazebo_plugins
[7.428s] DEBUG:colcon.colcon_core.event_handler.log_command:Invoking command in '/home/segula/dev_ws/build/velodyne_gazebo_plugins': CMAKE_PREFIX_PATH=${CMAKE_PREFIX_PATH}:/opt/ros/iron /usr/bin/cmake --build /home/segula/dev_ws/build/velodyne_gazebo_plugins -- -j16 -l16
[33.444s] DEBUG:colcon.colcon_core.event_handler.log_command:Invoked command in '/home/segula/dev_ws/build/velodyne_gazebo_plugins' returned '0': CMAKE_PREFIX_PATH=${CMAKE_PREFIX_PATH}:/opt/ros/iron /usr/bin/cmake --build /home/segula/dev_ws/build/velodyne_gazebo_plugins -- -j16 -l16
[33.477s] DEBUG:colcon.colcon_core.event_handler.log_command:Invoking command in '/home/segula/dev_ws/build/velodyne_gazebo_plugins': CMAKE_PREFIX_PATH=${CMAKE_PREFIX_PATH}:/opt/ros/iron /usr/bin/cmake --install /home/segula/dev_ws/build/velodyne_gazebo_plugins
[33.701s] Level 1:colcon.colcon_core.environment:create_environment_scripts_only(velodyne_gazebo_plugins)
[33.702s] Level 1:colcon.colcon_core.environment:checking '/home/segula/dev_ws/install/velodyne_gazebo_plugins' for CMake module files
[33.703s] DEBUG:colcon.colcon_core.event_handler.log_command:Invoked command in '/home/segula/dev_ws/build/velodyne_gazebo_plugins' returned '0': CMAKE_PREFIX_PATH=${CMAKE_PREFIX_PATH}:/opt/ros/iron /usr/bin/cmake --install /home/segula/dev_ws/build/velodyne_gazebo_plugins
[33.704s] Level 1:colcon.colcon_core.environment:checking '/home/segula/dev_ws/install/velodyne_gazebo_plugins' for CMake config files
[33.705s] Level 1:colcon.colcon_core.shell:create_environment_hook('velodyne_gazebo_plugins', 'cmake_prefix_path')
[33.705s] INFO:colcon.colcon_core.shell:Creating environment hook '/home/segula/dev_ws/install/velodyne_gazebo_plugins/share/velodyne_gazebo_plugins/hook/cmake_prefix_path.ps1'
[33.706s] INFO:colcon.colcon_core.shell:Creating environment descriptor '/home/segula/dev_ws/install/velodyne_gazebo_plugins/share/velodyne_gazebo_plugins/hook/cmake_prefix_path.dsv'
[33.706s] INFO:colcon.colcon_core.shell:Creating environment hook '/home/segula/dev_ws/install/velodyne_gazebo_plugins/share/velodyne_gazebo_plugins/hook/cmake_prefix_path.sh'
[33.707s] Level 1:colcon.colcon_core.environment:checking '/home/segula/dev_ws/install/velodyne_gazebo_plugins/lib'
[33.707s] Level 1:colcon.colcon_core.shell:create_environment_hook('velodyne_gazebo_plugins', 'ld_library_path_lib')
[33.707s] INFO:colcon.colcon_core.shell:Creating environment hook '/home/segula/dev_ws/install/velodyne_gazebo_plugins/share/velodyne_gazebo_plugins/hook/ld_library_path_lib.ps1'
[33.708s] INFO:colcon.colcon_core.shell:Creating environment descriptor '/home/segula/dev_ws/install/velodyne_gazebo_plugins/share/velodyne_gazebo_plugins/hook/ld_library_path_lib.dsv'
[33.708s] INFO:colcon.colcon_core.shell:Creating environment hook '/home/segula/dev_ws/install/velodyne_gazebo_plugins/share/velodyne_gazebo_plugins/hook/ld_library_path_lib.sh'
[33.708s] Level 1:colcon.colcon_core.environment:checking '/home/segula/dev_ws/install/velodyne_gazebo_plugins/bin'
[33.708s] Level 1:colcon.colcon_core.environment:checking '/home/segula/dev_ws/install/velodyne_gazebo_plugins/lib/pkgconfig/velodyne_gazebo_plugins.pc'
[33.709s] Level 1:colcon.colcon_core.environment:checking '/home/segula/dev_ws/install/velodyne_gazebo_plugins/lib/python3.10/site-packages'
[33.709s] Level 1:colcon.colcon_core.environment:checking '/home/segula/dev_ws/install/velodyne_gazebo_plugins/bin'
[33.709s] INFO:colcon.colcon_core.shell:Creating package script '/home/segula/dev_ws/install/velodyne_gazebo_plugins/share/velodyne_gazebo_plugins/package.ps1'
[33.710s] INFO:colcon.colcon_core.shell:Creating package descriptor '/home/segula/dev_ws/install/velodyne_gazebo_plugins/share/velodyne_gazebo_plugins/package.dsv'
[33.710s] INFO:colcon.colcon_core.shell:Creating package script '/home/segula/dev_ws/install/velodyne_gazebo_plugins/share/velodyne_gazebo_plugins/package.sh'
[33.711s] INFO:colcon.colcon_core.shell:Creating package script '/home/segula/dev_ws/install/velodyne_gazebo_plugins/share/velodyne_gazebo_plugins/package.bash'
[33.711s] INFO:colcon.colcon_core.shell:Creating package script '/home/segula/dev_ws/install/velodyne_gazebo_plugins/share/velodyne_gazebo_plugins/package.zsh'
[33.712s] Level 1:colcon.colcon_core.environment:create_file_with_runtime_dependencies(/home/segula/dev_ws/install/velodyne_gazebo_plugins/share/colcon-core/packages/velodyne_gazebo_plugins)
[33.746s] Level 1:colcon.colcon_core.environment:create_environment_scripts_only(velodyne_gazebo_plugins)
[33.746s] Level 1:colcon.colcon_core.environment:checking '/home/segula/dev_ws/install/velodyne_gazebo_plugins' for CMake module files
[33.746s] Level 1:colcon.colcon_core.environment:checking '/home/segula/dev_ws/install/velodyne_gazebo_plugins' for CMake config files
[33.747s] Level 1:colcon.colcon_core.shell:create_environment_hook('velodyne_gazebo_plugins', 'cmake_prefix_path')
[33.747s] INFO:colcon.colcon_core.shell:Creating environment hook '/home/segula/dev_ws/install/velodyne_gazebo_plugins/share/velodyne_gazebo_plugins/hook/cmake_prefix_path.ps1'
[33.747s] INFO:colcon.colcon_core.shell:Creating environment descriptor '/home/segula/dev_ws/install/velodyne_gazebo_plugins/share/velodyne_gazebo_plugins/hook/cmake_prefix_path.dsv'
[33.748s] INFO:colcon.colcon_core.shell:Creating environment hook '/home/segula/dev_ws/install/velodyne_gazebo_plugins/share/velodyne_gazebo_plugins/hook/cmake_prefix_path.sh'
[33.748s] Level 1:colcon.colcon_core.environment:checking '/home/segula/dev_ws/install/velodyne_gazebo_plugins/lib'
[33.749s] Level 1:colcon.colcon_core.shell:create_environment_hook('velodyne_gazebo_plugins', 'ld_library_path_lib')
[33.749s] INFO:colcon.colcon_core.shell:Creating environment hook '/home/segula/dev_ws/install/velodyne_gazebo_plugins/share/velodyne_gazebo_plugins/hook/ld_library_path_lib.ps1'
[33.749s] INFO:colcon.colcon_core.shell:Creating environment descriptor '/home/segula/dev_ws/install/velodyne_gazebo_plugins/share/velodyne_gazebo_plugins/hook/ld_library_path_lib.dsv'
[33.750s] INFO:colcon.colcon_core.shell:Creating environment hook '/home/segula/dev_ws/install/velodyne_gazebo_plugins/share/velodyne_gazebo_plugins/hook/ld_library_path_lib.sh'
[33.750s] Level 1:colcon.colcon_core.environment:checking '/home/segula/dev_ws/install/velodyne_gazebo_plugins/bin'
[33.750s] Level 1:colcon.colcon_core.environment:checking '/home/segula/dev_ws/install/velodyne_gazebo_plugins/lib/pkgconfig/velodyne_gazebo_plugins.pc'
[33.750s] Level 1:colcon.colcon_core.environment:checking '/home/segula/dev_ws/install/velodyne_gazebo_plugins/lib/python3.10/site-packages'
[33.751s] Level 1:colcon.colcon_core.environment:checking '/home/segula/dev_ws/install/velodyne_gazebo_plugins/bin'
[33.752s] INFO:colcon.colcon_core.shell:Creating package script '/home/segula/dev_ws/install/velodyne_gazebo_plugins/share/velodyne_gazebo_plugins/package.ps1'
[33.753s] INFO:colcon.colcon_core.shell:Creating package descriptor '/home/segula/dev_ws/install/velodyne_gazebo_plugins/share/velodyne_gazebo_plugins/package.dsv'
[33.754s] INFO:colcon.colcon_core.shell:Creating package script '/home/segula/dev_ws/install/velodyne_gazebo_plugins/share/velodyne_gazebo_plugins/package.sh'
[33.755s] INFO:colcon.colcon_core.shell:Creating package script '/home/segula/dev_ws/install/velodyne_gazebo_plugins/share/velodyne_gazebo_plugins/package.bash'
[33.756s] INFO:colcon.colcon_core.shell:Creating package script '/home/segula/dev_ws/install/velodyne_gazebo_plugins/share/velodyne_gazebo_plugins/package.zsh'
[33.757s] Level 1:colcon.colcon_core.environment:create_file_with_runtime_dependencies(/home/segula/dev_ws/install/velodyne_gazebo_plugins/share/colcon-core/packages/velodyne_gazebo_plugins)
[33.758s] INFO:colcon.colcon_ros.task.ament_cmake.build:Building ROS package in '/home/segula/dev_ws/src/velodyne_simulator' with build type 'ament_cmake'
[33.758s] INFO:colcon.colcon_cmake.task.cmake.build:Building CMake package in '/home/segula/dev_ws/src/velodyne_simulator'
[33.759s] INFO:colcon.colcon_core.shell:Skip shell extension 'powershell' for command environment: Not usable outside of PowerShell
[33.759s] DEBUG:colcon.colcon_core.shell:Skip shell extension 'dsv' for command environment
[33.778s] DEBUG:colcon.colcon_core.event_handler.log_command:Invoking command in '/home/segula/dev_ws/build/velodyne_simulator': AMENT_PREFIX_PATH=/home/segula/dev_ws/install/velodyne_gazebo_plugins:/home/segula/dev_ws/install/velodyne_description:${AMENT_PREFIX_PATH} CMAKE_PREFIX_PATH=/home/segula/dev_ws/install/velodyne_gazebo_plugins:/home/segula/dev_ws/install/velodyne_description:/home/segula/dev_ws/install/articubot_one:/opt/ros/iron LD_LIBRARY_PATH=/home/segula/dev_ws/install/velodyne_gazebo_plugins/lib:${LD_LIBRARY_PATH} /usr/bin/cmake /home/segula/dev_ws/src/velodyne_simulator -DAMENT_CMAKE_SYMLINK_INSTALL=1 -DCMAKE_INSTALL_PREFIX=/home/segula/dev_ws/install/velodyne_simulator
[34.628s] DEBUG:colcon.colcon_core.event_handler.log_command:Invoked command in '/home/segula/dev_ws/build/velodyne_simulator' returned '0': AMENT_PREFIX_PATH=/home/segula/dev_ws/install/velodyne_gazebo_plugins:/home/segula/dev_ws/install/velodyne_description:${AMENT_PREFIX_PATH} CMAKE_PREFIX_PATH=/home/segula/dev_ws/install/velodyne_gazebo_plugins:/home/segula/dev_ws/install/velodyne_description:/home/segula/dev_ws/install/articubot_one:/opt/ros/iron LD_LIBRARY_PATH=/home/segula/dev_ws/install/velodyne_gazebo_plugins/lib:${LD_LIBRARY_PATH} /usr/bin/cmake /home/segula/dev_ws/src/velodyne_simulator -DAMENT_CMAKE_SYMLINK_INSTALL=1 -DCMAKE_INSTALL_PREFIX=/home/segula/dev_ws/install/velodyne_simulator
[34.630s] DEBUG:colcon.colcon_core.event_handler.log_command:Invoking command in '/home/segula/dev_ws/build/velodyne_simulator': AMENT_PREFIX_PATH=/home/segula/dev_ws/install/velodyne_gazebo_plugins:/home/segula/dev_ws/install/velodyne_description:${AMENT_PREFIX_PATH} CMAKE_PREFIX_PATH=/home/segula/dev_ws/install/velodyne_gazebo_plugins:/home/segula/dev_ws/install/velodyne_description:/home/segula/dev_ws/install/articubot_one:/opt/ros/iron LD_LIBRARY_PATH=/home/segula/dev_ws/install/velodyne_gazebo_plugins/lib:${LD_LIBRARY_PATH} /usr/bin/cmake --build /home/segula/dev_ws/build/velodyne_simulator -- -j16 -l16
[34.677s] DEBUG:colcon.colcon_core.event_handler.log_command:Invoked command in '/home/segula/dev_ws/build/velodyne_simulator' returned '0': AMENT_PREFIX_PATH=/home/segula/dev_ws/install/velodyne_gazebo_plugins:/home/segula/dev_ws/install/velodyne_description:${AMENT_PREFIX_PATH} CMAKE_PREFIX_PATH=/home/segula/dev_ws/install/velodyne_gazebo_plugins:/home/segula/dev_ws/install/velodyne_description:/home/segula/dev_ws/install/articubot_one:/opt/ros/iron LD_LIBRARY_PATH=/home/segula/dev_ws/install/velodyne_gazebo_plugins/lib:${LD_LIBRARY_PATH} /usr/bin/cmake --build /home/segula/dev_ws/build/velodyne_simulator -- -j16 -l16
[34.707s] DEBUG:colcon.colcon_core.event_handler.log_command:Invoking command in '/home/segula/dev_ws/build/velodyne_simulator': AMENT_PREFIX_PATH=/home/segula/dev_ws/install/velodyne_gazebo_plugins:/home/segula/dev_ws/install/velodyne_description:${AMENT_PREFIX_PATH} CMAKE_PREFIX_PATH=/home/segula/dev_ws/install/velodyne_gazebo_plugins:/home/segula/dev_ws/install/velodyne_description:/home/segula/dev_ws/install/articubot_one:/opt/ros/iron LD_LIBRARY_PATH=/home/segula/dev_ws/install/velodyne_gazebo_plugins/lib:${LD_LIBRARY_PATH} /usr/bin/cmake --install /home/segula/dev_ws/build/velodyne_simulator
[34.865s] Level 1:colcon.colcon_core.environment:create_environment_scripts_only(velodyne_simulator)
[34.866s] Level 1:colcon.colcon_core.environment:checking '/home/segula/dev_ws/install/velodyne_simulator' for CMake module files
[34.867s] DEBUG:colcon.colcon_core.event_handler.log_command:Invoked command in '/home/segula/dev_ws/build/velodyne_simulator' returned '0': AMENT_PREFIX_PATH=/home/segula/dev_ws/install/velodyne_gazebo_plugins:/home/segula/dev_ws/install/velodyne_description:${AMENT_PREFIX_PATH} CMAKE_PREFIX_PATH=/home/segula/dev_ws/install/velodyne_gazebo_plugins:/home/segula/dev_ws/install/velodyne_description:/home/segula/dev_ws/install/articubot_one:/opt/ros/iron LD_LIBRARY_PATH=/home/segula/dev_ws/install/velodyne_gazebo_plugins/lib:${LD_LIBRARY_PATH} /usr/bin/cmake --install /home/segula/dev_ws/build/velodyne_simulator
[34.867s] Level 1:colcon.colcon_core.environment:checking '/home/segula/dev_ws/install/velodyne_simulator' for CMake config files
[34.868s] Level 1:colcon.colcon_core.shell:create_environment_hook('velodyne_simulator', 'cmake_prefix_path')
[34.868s] INFO:colcon.colcon_core.shell:Creating environment hook '/home/segula/dev_ws/install/velodyne_simulator/share/velodyne_simulator/hook/cmake_prefix_path.ps1'
[34.869s] INFO:colcon.colcon_core.shell:Creating environment descriptor '/home/segula/dev_ws/install/velodyne_simulator/share/velodyne_simulator/hook/cmake_prefix_path.dsv'
[34.870s] INFO:colcon.colcon_core.shell:Creating environment hook '/home/segula/dev_ws/install/velodyne_simulator/share/velodyne_simulator/hook/cmake_prefix_path.sh'
[34.871s] Level 1:colcon.colcon_core.environment:checking '/home/segula/dev_ws/install/velodyne_simulator/bin'
[34.872s] Level 1:colcon.colcon_core.environment:checking '/home/segula/dev_ws/install/velodyne_simulator/lib/pkgconfig/velodyne_simulator.pc'
[34.872s] Level 1:colcon.colcon_core.environment:checking '/home/segula/dev_ws/install/velodyne_simulator/lib/python3.10/site-packages'
[34.873s] Level 1:colcon.colcon_core.environment:checking '/home/segula/dev_ws/install/velodyne_simulator/bin'
[34.874s] INFO:colcon.colcon_core.shell:Creating package script '/home/segula/dev_ws/install/velodyne_simulator/share/velodyne_simulator/package.ps1'
[34.875s] INFO:colcon.colcon_core.shell:Creating package descriptor '/home/segula/dev_ws/install/velodyne_simulator/share/velodyne_simulator/package.dsv'
[34.876s] INFO:colcon.colcon_core.shell:Creating package script '/home/segula/dev_ws/install/velodyne_simulator/share/velodyne_simulator/package.sh'
[34.877s] INFO:colcon.colcon_core.shell:Creating package script '/home/segula/dev_ws/install/velodyne_simulator/share/velodyne_simulator/package.bash'
[34.877s] INFO:colcon.colcon_core.shell:Creating package script '/home/segula/dev_ws/install/velodyne_simulator/share/velodyne_simulator/package.zsh'
[34.878s] Level 1:colcon.colcon_core.environment:create_file_with_runtime_dependencies(/home/segula/dev_ws/install/velodyne_simulator/share/colcon-core/packages/velodyne_simulator)
[34.909s] Level 1:colcon.colcon_core.environment:create_environment_scripts_only(velodyne_simulator)
[34.910s] Level 1:colcon.colcon_core.environment:checking '/home/segula/dev_ws/install/velodyne_simulator' for CMake module files
[34.911s] Level 1:colcon.colcon_core.environment:checking '/home/segula/dev_ws/install/velodyne_simulator' for CMake config files
[34.911s] Level 1:colcon.colcon_core.shell:create_environment_hook('velodyne_simulator', 'cmake_prefix_path')
[34.912s] INFO:colcon.colcon_core.shell:Creating environment hook '/home/segula/dev_ws/install/velodyne_simulator/share/velodyne_simulator/hook/cmake_prefix_path.ps1'
[34.913s] INFO:colcon.colcon_core.shell:Creating environment descriptor '/home/segula/dev_ws/install/velodyne_simulator/share/velodyne_simulator/hook/cmake_prefix_path.dsv'
[34.914s] INFO:colcon.colcon_core.shell:Creating environment hook '/home/segula/dev_ws/install/velodyne_simulator/share/velodyne_simulator/hook/cmake_prefix_path.sh'
[34.915s] Level 1:colcon.colcon_core.environment:checking '/home/segula/dev_ws/install/velodyne_simulator/bin'
[34.915s] Level 1:colcon.colcon_core.environment:checking '/home/segula/dev_ws/install/velodyne_simulator/lib/pkgconfig/velodyne_simulator.pc'
[34.916s] Level 1:colcon.colcon_core.environment:checking '/home/segula/dev_ws/install/velodyne_simulator/lib/python3.10/site-packages'
[34.917s] Level 1:colcon.colcon_core.environment:checking '/home/segula/dev_ws/install/velodyne_simulator/bin'
[34.917s] INFO:colcon.colcon_core.shell:Creating package script '/home/segula/dev_ws/install/velodyne_simulator/share/velodyne_simulator/package.ps1'
[34.919s] INFO:colcon.colcon_core.shell:Creating package descriptor '/home/segula/dev_ws/install/velodyne_simulator/share/velodyne_simulator/package.dsv'
[34.920s] INFO:colcon.colcon_core.shell:Creating package script '/home/segula/dev_ws/install/velodyne_simulator/share/velodyne_simulator/package.sh'
[34.921s] INFO:colcon.colcon_core.shell:Creating package script '/home/segula/dev_ws/install/velodyne_simulator/share/velodyne_simulator/package.bash'
[34.922s] INFO:colcon.colcon_core.shell:Creating package script '/home/segula/dev_ws/install/velodyne_simulator/share/velodyne_simulator/package.zsh'
[34.923s] Level 1:colcon.colcon_core.environment:create_file_with_runtime_dependencies(/home/segula/dev_ws/install/velodyne_simulator/share/colcon-core/packages/velodyne_simulator)
[34.924s] DEBUG:colcon.colcon_parallel_executor.executor.parallel:closing loop
[34.924s] DEBUG:colcon.colcon_parallel_executor.executor.parallel:loop closed
[34.924s] DEBUG:colcon.colcon_parallel_executor.executor.parallel:run_until_complete finished with '0'
[34.925s] DEBUG:colcon.colcon_core.event_reactor:joining thread
[34.938s] INFO:colcon.colcon_core.plugin_system:Skipping extension 'colcon_notification.desktop_notification.terminal_notifier': Not used on non-Darwin systems
[34.938s] INFO:colcon.colcon_core.plugin_system:Skipping extension 'colcon_notification.desktop_notification.win32': Not used on non-Windows systems
[34.938s] INFO:colcon.colcon_notification.desktop_notification:Sending desktop notification using 'notify2'
[34.967s] DEBUG:colcon.colcon_core.event_reactor:joined thread
[34.968s] INFO:colcon.colcon_core.shell:Creating prefix script '/home/segula/dev_ws/install/local_setup.ps1'
[34.970s] INFO:colcon.colcon_core.shell:Creating prefix util module '/home/segula/dev_ws/install/_local_setup_util_ps1.py'
[34.973s] INFO:colcon.colcon_core.shell:Creating prefix chain script '/home/segula/dev_ws/install/setup.ps1'
[34.976s] INFO:colcon.colcon_core.shell:Creating prefix script '/home/segula/dev_ws/install/local_setup.sh'
[34.977s] INFO:colcon.colcon_core.shell:Creating prefix util module '/home/segula/dev_ws/install/_local_setup_util_sh.py'
[34.979s] INFO:colcon.colcon_core.shell:Creating prefix chain script '/home/segula/dev_ws/install/setup.sh'
[34.981s] INFO:colcon.colcon_core.shell:Creating prefix script '/home/segula/dev_ws/install/local_setup.bash'
[34.982s] INFO:colcon.colcon_core.shell:Creating prefix chain script '/home/segula/dev_ws/install/setup.bash'
[34.985s] INFO:colcon.colcon_core.shell:Creating prefix script '/home/segula/dev_ws/install/local_setup.zsh'
[34.986s] INFO:colcon.colcon_core.shell:Creating prefix chain script '/home/segula/dev_ws/install/setup.zsh'
