[0.011s] Invoking command in '/home/segula/dev_ws/build/articubot_one': CMAKE_PREFIX_PATH=/opt/ros/humble /usr/bin/cmake /home/segula/dev_ws/src/articubot_one -DAMENT_CMAKE_SYMLINK_INSTALL=1 -DCMAKE_INSTALL_PREFIX=/home/segula/dev_ws/install/articubot_one
[0.078s] -- The C compiler identification is GNU 11.4.0
[0.149s] -- The CXX compiler identification is GNU 11.4.0
[0.162s] -- Detecting C compiler ABI info
[0.253s] -- Detecting C compiler ABI info - done
[0.276s] -- Check for working C compiler: /usr/bin/cc - skipped
[0.276s] -- Detecting C compile features
[0.278s] -- Detecting C compile features - done
[0.286s] -- Detecting CXX compiler ABI info
[0.397s] -- Detecting CXX compiler ABI info - done
[0.410s] -- Check for working CXX compiler: /usr/bin/c++ - skipped
[0.410s] -- Detecting CXX compile features
[0.411s] -- Detecting CXX compile features - done
[0.414s] -- Found ament_cmake: 1.3.10 (/opt/ros/humble/share/ament_cmake/cmake)
[0.593s] -- Found Python3: /usr/bin/python3 (found version "3.10.12") found components: Interpreter 
[0.663s] -- Override CMake install command with custom implementation using symlinks instead of copying resources
[0.685s] -- Found ament_lint_auto: 0.12.11 (/opt/ros/humble/share/ament_lint_auto/cmake)
[0.777s] -- Added test 'copyright' to check source files copyright and LICENSE
[0.783s] -- Added test 'flake8' to check Python code syntax and style conventions
[0.784s] -- Added test 'lint_cmake' to check CMake code style
[0.785s] -- Added test 'pep257' to check Python code against some of the docstring style conventions in PEP 257
[0.787s] -- Added test 'xmllint' to check XML markup files
[0.789s] -- Configuring done
[0.793s] -- Generating done
[0.795s] -- Build files have been written to: /home/segula/dev_ws/build/articubot_one
[0.802s] Invoked command in '/home/segula/dev_ws/build/articubot_one' returned '0': CMAKE_PREFIX_PATH=/opt/ros/humble /usr/bin/cmake /home/segula/dev_ws/src/articubot_one -DAMENT_CMAKE_SYMLINK_INSTALL=1 -DCMAKE_INSTALL_PREFIX=/home/segula/dev_ws/install/articubot_one
[0.804s] Invoking command in '/home/segula/dev_ws/build/articubot_one': CMAKE_PREFIX_PATH=/opt/ros/humble /usr/bin/cmake --build /home/segula/dev_ws/build/articubot_one -- -j16 -l16
[0.848s] Invoked command in '/home/segula/dev_ws/build/articubot_one' returned '0': CMAKE_PREFIX_PATH=/opt/ros/humble /usr/bin/cmake --build /home/segula/dev_ws/build/articubot_one -- -j16 -l16
[0.888s] Invoking command in '/home/segula/dev_ws/build/articubot_one': CMAKE_PREFIX_PATH=/opt/ros/humble /usr/bin/cmake --install /home/segula/dev_ws/build/articubot_one
[0.897s] -- Install configuration: ""
[0.897s] -- Execute custom install script
[0.898s] -- Symlinking: /home/segula/dev_ws/install/articubot_one/share/articubot_one/config/ball_tracker_params_robot.yaml
[0.908s] -- Symlinking: /home/segula/dev_ws/install/articubot_one/share/articubot_one/config/ball_tracker_params_sim.yaml
[0.918s] -- Symlinking: /home/segula/dev_ws/install/articubot_one/share/articubot_one/config/drive_bot.rviz
[0.928s] -- Symlinking: /home/segula/dev_ws/install/articubot_one/share/articubot_one/config/empty.yaml
[0.937s] -- Symlinking: /home/segula/dev_ws/install/articubot_one/share/articubot_one/config/gaz_ros2_ctl_use_sim.yaml
[0.946s] -- Symlinking: /home/segula/dev_ws/install/articubot_one/share/articubot_one/config/gazebo_params.yaml
[0.958s] -- Symlinking: /home/segula/dev_ws/install/articubot_one/share/articubot_one/config/joystick.yaml
[0.967s] -- Symlinking: /home/segula/dev_ws/install/articubot_one/share/articubot_one/config/main.rviz
[0.977s] -- Symlinking: /home/segula/dev_ws/install/articubot_one/share/articubot_one/config/map.rviz
[0.986s] -- Symlinking: /home/segula/dev_ws/install/articubot_one/share/articubot_one/config/mapper_params_online_async.yaml
[0.996s] -- Symlinking: /home/segula/dev_ws/install/articubot_one/share/articubot_one/config/my_controllers.yaml
[1.006s] -- Symlinking: /home/segula/dev_ws/install/articubot_one/share/articubot_one/config/nav2_params.yaml
[1.016s] -- Symlinking: /home/segula/dev_ws/install/articubot_one/share/articubot_one/config/twist_mux.yaml
[1.026s] -- Symlinking: /home/segula/dev_ws/install/articubot_one/share/articubot_one/config/view_bot.rviz
[1.036s] -- Symlinking: /home/segula/dev_ws/install/articubot_one/share/articubot_one/description/camera.xacro
[1.045s] -- Symlinking: /home/segula/dev_ws/install/articubot_one/share/articubot_one/description/depth_camera.xacro
[1.054s] -- Symlinking: /home/segula/dev_ws/install/articubot_one/share/articubot_one/description/face.xacro
[1.064s] -- Symlinking: /home/segula/dev_ws/install/articubot_one/share/articubot_one/description/gazebo_control.xacro
[1.073s] -- Symlinking: /home/segula/dev_ws/install/articubot_one/share/articubot_one/description/inertial_macros.xacro
[1.082s] -- Symlinking: /home/segula/dev_ws/install/articubot_one/share/articubot_one/description/lidar.xacro
[1.091s] -- Symlinking: /home/segula/dev_ws/install/articubot_one/share/articubot_one/description/robot.urdf.xacro
[1.100s] -- Symlinking: /home/segula/dev_ws/install/articubot_one/share/articubot_one/description/robot_core.xacro
[1.109s] -- Symlinking: /home/segula/dev_ws/install/articubot_one/share/articubot_one/description/ros2_control.xacro
[1.118s] -- Symlinking: /home/segula/dev_ws/install/articubot_one/share/articubot_one/launch/ball_tracker.launch.py
[1.127s] -- Symlinking: /home/segula/dev_ws/install/articubot_one/share/articubot_one/launch/camera.launch.py
[1.137s] -- Symlinking: /home/segula/dev_ws/install/articubot_one/share/articubot_one/launch/joystick.launch.py
[1.146s] -- Symlinking: /home/segula/dev_ws/install/articubot_one/share/articubot_one/launch/launch_robot.launch.py
[1.155s] -- Symlinking: /home/segula/dev_ws/install/articubot_one/share/articubot_one/launch/launch_sim.launch.py
[1.165s] -- Symlinking: /home/segula/dev_ws/install/articubot_one/share/articubot_one/launch/localization_launch.py
[1.174s] -- Symlinking: /home/segula/dev_ws/install/articubot_one/share/articubot_one/launch/navigation_launch.py
[1.182s] -- Symlinking: /home/segula/dev_ws/install/articubot_one/share/articubot_one/launch/online_async_launch.py
[1.191s] -- Symlinking: /home/segula/dev_ws/install/articubot_one/share/articubot_one/launch/rplidar.launch.py
[1.199s] -- Symlinking: /home/segula/dev_ws/install/articubot_one/share/articubot_one/launch/rsp.launch.py
[1.208s] -- Symlinking: /home/segula/dev_ws/install/articubot_one/share/articubot_one/worlds/empty.world
[1.217s] -- Symlinking: /home/segula/dev_ws/install/articubot_one/share/articubot_one/worlds/obstacles.world
[1.228s] -- Symlinking: /home/segula/dev_ws/install/articubot_one/share/ament_index/resource_index/package_run_dependencies/articubot_one
[1.236s] -- Symlinking: /home/segula/dev_ws/install/articubot_one/share/ament_index/resource_index/parent_prefix_path/articubot_one
[1.248s] -- Symlinking: /home/segula/dev_ws/install/articubot_one/share/articubot_one/environment/ament_prefix_path.sh
[1.259s] -- Symlinking: /home/segula/dev_ws/install/articubot_one/share/articubot_one/environment/ament_prefix_path.dsv
[1.268s] -- Symlinking: /home/segula/dev_ws/install/articubot_one/share/articubot_one/environment/path.sh
[1.277s] -- Symlinking: /home/segula/dev_ws/install/articubot_one/share/articubot_one/environment/path.dsv
[1.286s] -- Symlinking: /home/segula/dev_ws/install/articubot_one/share/articubot_one/local_setup.bash
[1.294s] -- Symlinking: /home/segula/dev_ws/install/articubot_one/share/articubot_one/local_setup.sh
[1.304s] -- Symlinking: /home/segula/dev_ws/install/articubot_one/share/articubot_one/local_setup.zsh
[1.313s] -- Symlinking: /home/segula/dev_ws/install/articubot_one/share/articubot_one/local_setup.dsv
[1.322s] -- Symlinking: /home/segula/dev_ws/install/articubot_one/share/articubot_one/package.dsv
[1.333s] -- Symlinking: /home/segula/dev_ws/install/articubot_one/share/ament_index/resource_index/packages/articubot_one
[1.345s] -- Symlinking: /home/segula/dev_ws/install/articubot_one/share/articubot_one/cmake/articubot_oneConfig.cmake
[1.356s] -- Symlinking: /home/segula/dev_ws/install/articubot_one/share/articubot_one/cmake/articubot_oneConfig-version.cmake
[1.365s] -- Symlinking: /home/segula/dev_ws/install/articubot_one/share/articubot_one/package.xml
[1.379s] Invoked command in '/home/segula/dev_ws/build/articubot_one' returned '0': CMAKE_PREFIX_PATH=/opt/ros/humble /usr/bin/cmake --install /home/segula/dev_ws/build/articubot_one
