[0.018s] Invoking command in '/home/segula/dev_ws/build/velodyne_simulator': AMENT_PREFIX_PATH=/home/segula/dev_ws/install/velodyne_gazebo_plugins:/home/segula/dev_ws/install/velodyne_description:${AMENT_PREFIX_PATH} CMAKE_PREFIX_PATH=/home/segula/dev_ws/install/velodyne_gazebo_plugins:/home/segula/dev_ws/install/velodyne_description:/home/segula/dev_ws/install/articubot_one:/opt/ros/iron LD_LIBRARY_PATH=/home/segula/dev_ws/install/velodyne_gazebo_plugins/lib:${LD_LIBRARY_PATH} /usr/bin/cmake /home/segula/dev_ws/src/velodyne_simulator -DAMENT_CMAKE_SYMLINK_INSTALL=1 -DCMAKE_INSTALL_PREFIX=/home/segula/dev_ws/install/velodyne_simulator
[0.087s] -- The C compiler identification is GNU 11.4.0
[0.161s] -- The CXX compiler identification is GNU 11.4.0
[0.176s] -- Detecting C compiler ABI info
[0.274s] -- Detecting C compiler ABI info - done
[0.306s] -- Check for working C compiler: /usr/bin/cc - skipped
[0.307s] -- Detecting C compile features
[0.308s] -- Detecting C compile features - done
[0.318s] -- Detecting CXX compiler ABI info
[0.427s] -- Detecting CXX compiler ABI info - done
[0.436s] -- Check for working CXX compiler: /usr/bin/c++ - skipped
[0.437s] -- Detecting CXX compile features
[0.437s] -- Detecting CXX compile features - done
[0.440s] -- Found ament_cmake: 2.0.6 (/opt/ros/iron/share/ament_cmake/cmake)
[0.650s] -- Found Python3: /usr/bin/python3.10 (found version "3.10.12") found components: Interpreter 
[0.726s] -- Override CMake install command with custom implementation using symlinks instead of copying resources
[0.779s] -- Found ament_lint_auto: 0.14.4 (/opt/ros/iron/share/ament_lint_auto/cmake)
[0.858s] -- Configuring done
[0.861s] -- Generating done
[0.862s] -- Build files have been written to: /home/segula/dev_ws/build/velodyne_simulator
[0.867s] Invoked command in '/home/segula/dev_ws/build/velodyne_simulator' returned '0': AMENT_PREFIX_PATH=/home/segula/dev_ws/install/velodyne_gazebo_plugins:/home/segula/dev_ws/install/velodyne_description:${AMENT_PREFIX_PATH} CMAKE_PREFIX_PATH=/home/segula/dev_ws/install/velodyne_gazebo_plugins:/home/segula/dev_ws/install/velodyne_description:/home/segula/dev_ws/install/articubot_one:/opt/ros/iron LD_LIBRARY_PATH=/home/segula/dev_ws/install/velodyne_gazebo_plugins/lib:${LD_LIBRARY_PATH} /usr/bin/cmake /home/segula/dev_ws/src/velodyne_simulator -DAMENT_CMAKE_SYMLINK_INSTALL=1 -DCMAKE_INSTALL_PREFIX=/home/segula/dev_ws/install/velodyne_simulator
[0.870s] Invoking command in '/home/segula/dev_ws/build/velodyne_simulator': AMENT_PREFIX_PATH=/home/segula/dev_ws/install/velodyne_gazebo_plugins:/home/segula/dev_ws/install/velodyne_description:${AMENT_PREFIX_PATH} CMAKE_PREFIX_PATH=/home/segula/dev_ws/install/velodyne_gazebo_plugins:/home/segula/dev_ws/install/velodyne_description:/home/segula/dev_ws/install/articubot_one:/opt/ros/iron LD_LIBRARY_PATH=/home/segula/dev_ws/install/velodyne_gazebo_plugins/lib:${LD_LIBRARY_PATH} /usr/bin/cmake --build /home/segula/dev_ws/build/velodyne_simulator -- -j16 -l16
[0.916s] Invoked command in '/home/segula/dev_ws/build/velodyne_simulator' returned '0': AMENT_PREFIX_PATH=/home/segula/dev_ws/install/velodyne_gazebo_plugins:/home/segula/dev_ws/install/velodyne_description:${AMENT_PREFIX_PATH} CMAKE_PREFIX_PATH=/home/segula/dev_ws/install/velodyne_gazebo_plugins:/home/segula/dev_ws/install/velodyne_description:/home/segula/dev_ws/install/articubot_one:/opt/ros/iron LD_LIBRARY_PATH=/home/segula/dev_ws/install/velodyne_gazebo_plugins/lib:${LD_LIBRARY_PATH} /usr/bin/cmake --build /home/segula/dev_ws/build/velodyne_simulator -- -j16 -l16
[0.946s] Invoking command in '/home/segula/dev_ws/build/velodyne_simulator': AMENT_PREFIX_PATH=/home/segula/dev_ws/install/velodyne_gazebo_plugins:/home/segula/dev_ws/install/velodyne_description:${AMENT_PREFIX_PATH} CMAKE_PREFIX_PATH=/home/segula/dev_ws/install/velodyne_gazebo_plugins:/home/segula/dev_ws/install/velodyne_description:/home/segula/dev_ws/install/articubot_one:/opt/ros/iron LD_LIBRARY_PATH=/home/segula/dev_ws/install/velodyne_gazebo_plugins/lib:${LD_LIBRARY_PATH} /usr/bin/cmake --install /home/segula/dev_ws/build/velodyne_simulator
[0.953s] -- Install configuration: ""
[0.954s] -- Execute custom install script
[0.954s] -- Symlinking: /home/segula/dev_ws/install/velodyne_simulator/share/ament_index/resource_index/package_run_dependencies/velodyne_simulator
[0.964s] -- Symlinking: /home/segula/dev_ws/install/velodyne_simulator/share/ament_index/resource_index/parent_prefix_path/velodyne_simulator
[0.975s] -- Symlinking: /home/segula/dev_ws/install/velodyne_simulator/share/velodyne_simulator/environment/ament_prefix_path.sh
[0.984s] -- Symlinking: /home/segula/dev_ws/install/velodyne_simulator/share/velodyne_simulator/environment/ament_prefix_path.dsv
[0.994s] -- Symlinking: /home/segula/dev_ws/install/velodyne_simulator/share/velodyne_simulator/environment/path.sh
[1.005s] -- Symlinking: /home/segula/dev_ws/install/velodyne_simulator/share/velodyne_simulator/environment/path.dsv
[1.016s] -- Symlinking: /home/segula/dev_ws/install/velodyne_simulator/share/velodyne_simulator/local_setup.bash
[1.025s] -- Symlinking: /home/segula/dev_ws/install/velodyne_simulator/share/velodyne_simulator/local_setup.sh
[1.035s] -- Symlinking: /home/segula/dev_ws/install/velodyne_simulator/share/velodyne_simulator/local_setup.zsh
[1.046s] -- Symlinking: /home/segula/dev_ws/install/velodyne_simulator/share/velodyne_simulator/local_setup.dsv
[1.055s] -- Symlinking: /home/segula/dev_ws/install/velodyne_simulator/share/velodyne_simulator/package.dsv
[1.065s] -- Symlinking: /home/segula/dev_ws/install/velodyne_simulator/share/ament_index/resource_index/packages/velodyne_simulator
[1.075s] -- Symlinking: /home/segula/dev_ws/install/velodyne_simulator/share/velodyne_simulator/cmake/velodyne_simulatorConfig.cmake
[1.084s] -- Symlinking: /home/segula/dev_ws/install/velodyne_simulator/share/velodyne_simulator/cmake/velodyne_simulatorConfig-version.cmake
[1.093s] -- Symlinking: /home/segula/dev_ws/install/velodyne_simulator/share/velodyne_simulator/package.xml
[1.106s] Invoked command in '/home/segula/dev_ws/build/velodyne_simulator' returned '0': AMENT_PREFIX_PATH=/home/segula/dev_ws/install/velodyne_gazebo_plugins:/home/segula/dev_ws/install/velodyne_description:${AMENT_PREFIX_PATH} CMAKE_PREFIX_PATH=/home/segula/dev_ws/install/velodyne_gazebo_plugins:/home/segula/dev_ws/install/velodyne_description:/home/segula/dev_ws/install/articubot_one:/opt/ros/iron LD_LIBRARY_PATH=/home/segula/dev_ws/install/velodyne_gazebo_plugins/lib:${LD_LIBRARY_PATH} /usr/bin/cmake --install /home/segula/dev_ws/build/velodyne_simulator
