[0.387s] DEBUG:colcon:Command line arguments: ['/usr/bin/colcon', 'build', '--symlink-install']
[0.387s] DEBUG:colcon:Parsed command line arguments: Namespace(log_base=None, log_level=None, verb_name='build', build_base='build', install_base='install', merge_install=False, symlink_install=True, test_result_base=None, continue_on_error=False, executor='parallel', parallel_workers=16, event_handlers=None, ignore_user_meta=False, metas=['./colcon.meta'], base_paths=['.'], packages_ignore=None, packages_ignore_regex=None, paths=None, packages_up_to=None, packages_up_to_regex=None, packages_above=None, packages_above_and_dependencies=None, packages_above_depth=None, packages_select_by_dep=None, packages_skip_by_dep=None, packages_skip_up_to=None, packages_select_build_failed=False, packages_skip_build_finished=False, packages_select_test_failures=False, packages_skip_test_passed=False, packages_select=None, packages_skip=None, packages_select_regex=None, packages_skip_regex=None, packages_start=None, packages_end=None, allow_overriding=[], cmake_args=None, cmake_target=None, cmake_target_skip_unavailable=False, cmake_clean_cache=False, cmake_clean_first=False, cmake_force_configure=False, ament_cmake_args=None, catkin_cmake_args=None, catkin_skip_building_tests=False, mixin_files=None, mixin=None, verb_parser=<colcon_mixin.mixin.mixin_argument.MixinArgumentDecorator object at 0x76c1fc8325c0>, verb_extension=<colcon_core.verb.build.BuildVerb object at 0x76c1fc94abc0>, main=<bound method BuildVerb.main of <colcon_core.verb.build.BuildVerb object at 0x76c1fc94abc0>>, mixin_verb=('build',))
[3.497s] Level 1:colcon.colcon_core.package_discovery:discover_packages(colcon_meta) check parameters
[3.498s] Level 1:colcon.colcon_core.package_discovery:discover_packages(recursive) check parameters
[3.498s] Level 1:colcon.colcon_core.package_discovery:discover_packages(ignore) check parameters
[3.498s] Level 1:colcon.colcon_core.package_discovery:discover_packages(path) check parameters
[3.498s] Level 1:colcon.colcon_core.package_discovery:discover_packages(colcon_meta) discover
[3.498s] Level 1:colcon.colcon_core.package_discovery:discover_packages(recursive) discover
[3.498s] INFO:colcon.colcon_core.package_discovery:Crawling recursively for packages in '/home/segula/dev_ws'
[3.498s] Level 1:colcon.colcon_core.package_identification:_identify(.) by extensions ['ignore', 'ignore_ament_install']
[3.499s] Level 1:colcon.colcon_core.package_identification:_identify(.) by extension 'ignore'
[3.499s] Level 1:colcon.colcon_core.package_identification:_identify(.) by extension 'ignore_ament_install'
[3.499s] Level 1:colcon.colcon_core.package_identification:_identify(.) by extensions ['colcon_pkg']
[3.499s] Level 1:colcon.colcon_core.package_identification:_identify(.) by extension 'colcon_pkg'
[3.499s] Level 1:colcon.colcon_core.package_identification:_identify(.) by extensions ['colcon_meta']
[3.499s] Level 1:colcon.colcon_core.package_identification:_identify(.) by extension 'colcon_meta'
[3.500s] Level 1:colcon.colcon_core.package_identification:_identify(.) by extensions ['ros']
[3.500s] Level 1:colcon.colcon_core.package_identification:_identify(.) by extension 'ros'
[3.531s] Level 1:colcon.colcon_core.package_identification:_identify(.) by extensions ['cmake', 'python']
[3.531s] Level 1:colcon.colcon_core.package_identification:_identify(.) by extension 'cmake'
[3.531s] Level 1:colcon.colcon_core.package_identification:_identify(.) by extension 'python'
[3.531s] Level 1:colcon.colcon_core.package_identification:_identify(.) by extensions ['python_setup_py']
[3.531s] Level 1:colcon.colcon_core.package_identification:_identify(.) by extension 'python_setup_py'
[3.532s] Level 1:colcon.colcon_core.package_identification:_identify(build) by extensions ['ignore', 'ignore_ament_install']
[3.532s] Level 1:colcon.colcon_core.package_identification:_identify(build) by extension 'ignore'
[3.532s] Level 1:colcon.colcon_core.package_identification:_identify(build) ignored
[3.532s] Level 1:colcon.colcon_core.package_identification:_identify(install) by extensions ['ignore', 'ignore_ament_install']
[3.532s] Level 1:colcon.colcon_core.package_identification:_identify(install) by extension 'ignore'
[3.533s] Level 1:colcon.colcon_core.package_identification:_identify(install) ignored
[3.533s] Level 1:colcon.colcon_core.package_identification:_identify(log) by extensions ['ignore', 'ignore_ament_install']
[3.533s] Level 1:colcon.colcon_core.package_identification:_identify(log) by extension 'ignore'
[3.533s] Level 1:colcon.colcon_core.package_identification:_identify(log) ignored
[3.533s] Level 1:colcon.colcon_core.package_identification:_identify(src) by extensions ['ignore', 'ignore_ament_install']
[3.534s] Level 1:colcon.colcon_core.package_identification:_identify(src) by extension 'ignore'
[3.534s] Level 1:colcon.colcon_core.package_identification:_identify(src) by extension 'ignore_ament_install'
[3.534s] Level 1:colcon.colcon_core.package_identification:_identify(src) by extensions ['colcon_pkg']
[3.534s] Level 1:colcon.colcon_core.package_identification:_identify(src) by extension 'colcon_pkg'
[3.534s] Level 1:colcon.colcon_core.package_identification:_identify(src) by extensions ['colcon_meta']
[3.534s] Level 1:colcon.colcon_core.package_identification:_identify(src) by extension 'colcon_meta'
[3.534s] Level 1:colcon.colcon_core.package_identification:_identify(src) by extensions ['ros']
[3.534s] Level 1:colcon.colcon_core.package_identification:_identify(src) by extension 'ros'
[3.535s] Level 1:colcon.colcon_core.package_identification:_identify(src) by extensions ['cmake', 'python']
[3.535s] Level 1:colcon.colcon_core.package_identification:_identify(src) by extension 'cmake'
[3.535s] Level 1:colcon.colcon_core.package_identification:_identify(src) by extension 'python'
[3.535s] Level 1:colcon.colcon_core.package_identification:_identify(src) by extensions ['python_setup_py']
[3.535s] Level 1:colcon.colcon_core.package_identification:_identify(src) by extension 'python_setup_py'
[3.535s] Level 1:colcon.colcon_core.package_identification:_identify(src/articubot_one) by extensions ['ignore', 'ignore_ament_install']
[3.536s] Level 1:colcon.colcon_core.package_identification:_identify(src/articubot_one) by extension 'ignore'
[3.536s] Level 1:colcon.colcon_core.package_identification:_identify(src/articubot_one) by extension 'ignore_ament_install'
[3.536s] Level 1:colcon.colcon_core.package_identification:_identify(src/articubot_one) by extensions ['colcon_pkg']
[3.536s] Level 1:colcon.colcon_core.package_identification:_identify(src/articubot_one) by extension 'colcon_pkg'
[3.536s] Level 1:colcon.colcon_core.package_identification:_identify(src/articubot_one) by extensions ['colcon_meta']
[3.536s] Level 1:colcon.colcon_core.package_identification:_identify(src/articubot_one) by extension 'colcon_meta'
[3.536s] Level 1:colcon.colcon_core.package_identification:_identify(src/articubot_one) by extensions ['ros']
[3.536s] Level 1:colcon.colcon_core.package_identification:_identify(src/articubot_one) by extension 'ros'
[3.541s] DEBUG:colcon.colcon_core.package_identification:Package 'src/articubot_one' with type 'ros.ament_cmake' and name 'articubot_one'
[3.541s] Level 1:colcon.colcon_core.package_discovery:discover_packages(recursive) using defaults
[3.542s] Level 1:colcon.colcon_core.package_discovery:discover_packages(ignore) discover
[3.542s] Level 1:colcon.colcon_core.package_discovery:discover_packages(ignore) using defaults
[3.542s] Level 1:colcon.colcon_core.package_discovery:discover_packages(path) discover
[3.542s] Level 1:colcon.colcon_core.package_discovery:discover_packages(path) using defaults
[3.730s] Level 1:colcon.colcon_core.package_discovery:discover_packages(prefix_path) check parameters
[3.730s] Level 1:colcon.colcon_core.package_discovery:discover_packages(prefix_path) discover
[3.737s] DEBUG:colcon.colcon_installed_package_information.package_discovery:Found 1 installed packages in /home/segula/dev_ws/install
[3.741s] DEBUG:colcon.colcon_installed_package_information.package_discovery:Found 330 installed packages in /opt/ros/humble
[3.763s] Level 1:colcon.colcon_core.package_discovery:discover_packages(prefix_path) using defaults
[3.874s] Level 5:colcon.colcon_core.verb:set package 'articubot_one' build argument 'cmake_args' from command line to 'None'
[3.874s] Level 5:colcon.colcon_core.verb:set package 'articubot_one' build argument 'cmake_target' from command line to 'None'
[3.874s] Level 5:colcon.colcon_core.verb:set package 'articubot_one' build argument 'cmake_target_skip_unavailable' from command line to 'False'
[3.874s] Level 5:colcon.colcon_core.verb:set package 'articubot_one' build argument 'cmake_clean_cache' from command line to 'False'
[3.874s] Level 5:colcon.colcon_core.verb:set package 'articubot_one' build argument 'cmake_clean_first' from command line to 'False'
[3.874s] Level 5:colcon.colcon_core.verb:set package 'articubot_one' build argument 'cmake_force_configure' from command line to 'False'
[3.874s] Level 5:colcon.colcon_core.verb:set package 'articubot_one' build argument 'ament_cmake_args' from command line to 'None'
[3.874s] Level 5:colcon.colcon_core.verb:set package 'articubot_one' build argument 'catkin_cmake_args' from command line to 'None'
[3.874s] Level 5:colcon.colcon_core.verb:set package 'articubot_one' build argument 'catkin_skip_building_tests' from command line to 'False'
[3.874s] DEBUG:colcon.colcon_core.verb:Building package 'articubot_one' with the following arguments: {'ament_cmake_args': None, 'build_base': '/home/segula/dev_ws/build/articubot_one', 'catkin_cmake_args': None, 'catkin_skip_building_tests': False, 'cmake_args': None, 'cmake_clean_cache': False, 'cmake_clean_first': False, 'cmake_force_configure': False, 'cmake_target': None, 'cmake_target_skip_unavailable': False, 'install_base': '/home/segula/dev_ws/install/articubot_one', 'merge_install': False, 'path': '/home/segula/dev_ws/src/articubot_one', 'symlink_install': True, 'test_result_base': None}
[3.874s] INFO:colcon.colcon_core.executor:Executing jobs using 'parallel' executor
[3.876s] DEBUG:colcon.colcon_parallel_executor.executor.parallel:run_until_complete
[3.876s] INFO:colcon.colcon_ros.task.ament_cmake.build:Building ROS package in '/home/segula/dev_ws/src/articubot_one' with build type 'ament_cmake'
[3.877s] INFO:colcon.colcon_cmake.task.cmake.build:Building CMake package in '/home/segula/dev_ws/src/articubot_one'
[3.894s] INFO:colcon.colcon_core.plugin_system:Skipping extension 'colcon_core.shell.bat': Not used on non-Windows systems
[3.894s] INFO:colcon.colcon_core.shell:Skip shell extension 'powershell' for command environment: Not usable outside of PowerShell
[3.895s] DEBUG:colcon.colcon_core.shell:Skip shell extension 'dsv' for command environment
[3.946s] DEBUG:colcon.colcon_core.event_handler.log_command:Invoking command in '/home/segula/dev_ws/build/articubot_one': CMAKE_PREFIX_PATH=${CMAKE_PREFIX_PATH}:/opt/ros/humble /usr/bin/cmake --build /home/segula/dev_ws/build/articubot_one -- -j16 -l16
[4.258s] DEBUG:colcon.colcon_core.event_handler.log_command:Invoked command in '/home/segula/dev_ws/build/articubot_one' returned '0': CMAKE_PREFIX_PATH=${CMAKE_PREFIX_PATH}:/opt/ros/humble /usr/bin/cmake --build /home/segula/dev_ws/build/articubot_one -- -j16 -l16
[4.300s] DEBUG:colcon.colcon_core.event_handler.log_command:Invoking command in '/home/segula/dev_ws/build/articubot_one': CMAKE_PREFIX_PATH=${CMAKE_PREFIX_PATH}:/opt/ros/humble /usr/bin/cmake --install /home/segula/dev_ws/build/articubot_one
[4.363s] Level 1:colcon.colcon_core.environment:create_environment_scripts_only(articubot_one)
[4.364s] DEBUG:colcon.colcon_core.event_handler.log_command:Invoked command in '/home/segula/dev_ws/build/articubot_one' returned '0': CMAKE_PREFIX_PATH=${CMAKE_PREFIX_PATH}:/opt/ros/humble /usr/bin/cmake --install /home/segula/dev_ws/build/articubot_one
[4.411s] Level 1:colcon.colcon_core.environment:checking '/home/segula/dev_ws/install/articubot_one' for CMake module files
[4.412s] Level 1:colcon.colcon_core.environment:checking '/home/segula/dev_ws/install/articubot_one' for CMake config files
[4.413s] Level 1:colcon.colcon_core.shell:create_environment_hook('articubot_one', 'cmake_prefix_path')
[4.414s] INFO:colcon.colcon_core.shell:Creating environment hook '/home/segula/dev_ws/install/articubot_one/share/articubot_one/hook/cmake_prefix_path.ps1'
[4.431s] INFO:colcon.colcon_core.shell:Creating environment descriptor '/home/segula/dev_ws/install/articubot_one/share/articubot_one/hook/cmake_prefix_path.dsv'
[4.435s] INFO:colcon.colcon_core.shell:Creating environment hook '/home/segula/dev_ws/install/articubot_one/share/articubot_one/hook/cmake_prefix_path.sh'
[4.438s] Level 1:colcon.colcon_core.environment:checking '/home/segula/dev_ws/install/articubot_one/bin'
[4.438s] Level 1:colcon.colcon_core.environment:checking '/home/segula/dev_ws/install/articubot_one/lib/pkgconfig/articubot_one.pc'
[4.439s] Level 1:colcon.colcon_core.environment:checking '/home/segula/dev_ws/install/articubot_one/lib/python3.10/site-packages'
[4.439s] Level 1:colcon.colcon_core.environment:checking '/home/segula/dev_ws/install/articubot_one/bin'
[4.441s] INFO:colcon.colcon_core.shell:Creating package script '/home/segula/dev_ws/install/articubot_one/share/articubot_one/package.ps1'
[4.443s] INFO:colcon.colcon_core.shell:Creating package descriptor '/home/segula/dev_ws/install/articubot_one/share/articubot_one/package.dsv'
[4.445s] INFO:colcon.colcon_core.shell:Creating package script '/home/segula/dev_ws/install/articubot_one/share/articubot_one/package.sh'
[4.447s] INFO:colcon.colcon_core.shell:Creating package script '/home/segula/dev_ws/install/articubot_one/share/articubot_one/package.bash'
[4.449s] INFO:colcon.colcon_core.shell:Creating package script '/home/segula/dev_ws/install/articubot_one/share/articubot_one/package.zsh'
[4.454s] Level 1:colcon.colcon_core.environment:create_file_with_runtime_dependencies(/home/segula/dev_ws/install/articubot_one/share/colcon-core/packages/articubot_one)
[4.487s] Level 1:colcon.colcon_core.environment:create_environment_scripts_only(articubot_one)
[4.487s] Level 1:colcon.colcon_core.environment:checking '/home/segula/dev_ws/install/articubot_one' for CMake module files
[4.489s] Level 1:colcon.colcon_core.environment:checking '/home/segula/dev_ws/install/articubot_one' for CMake config files
[4.490s] Level 1:colcon.colcon_core.shell:create_environment_hook('articubot_one', 'cmake_prefix_path')
[4.490s] INFO:colcon.colcon_core.shell:Creating environment hook '/home/segula/dev_ws/install/articubot_one/share/articubot_one/hook/cmake_prefix_path.ps1'
[4.491s] INFO:colcon.colcon_core.shell:Creating environment descriptor '/home/segula/dev_ws/install/articubot_one/share/articubot_one/hook/cmake_prefix_path.dsv'
[4.492s] INFO:colcon.colcon_core.shell:Creating environment hook '/home/segula/dev_ws/install/articubot_one/share/articubot_one/hook/cmake_prefix_path.sh'
[4.493s] Level 1:colcon.colcon_core.environment:checking '/home/segula/dev_ws/install/articubot_one/bin'
[4.494s] Level 1:colcon.colcon_core.environment:checking '/home/segula/dev_ws/install/articubot_one/lib/pkgconfig/articubot_one.pc'
[4.494s] Level 1:colcon.colcon_core.environment:checking '/home/segula/dev_ws/install/articubot_one/lib/python3.10/site-packages'
[4.495s] Level 1:colcon.colcon_core.environment:checking '/home/segula/dev_ws/install/articubot_one/bin'
[4.496s] INFO:colcon.colcon_core.shell:Creating package script '/home/segula/dev_ws/install/articubot_one/share/articubot_one/package.ps1'
[4.497s] INFO:colcon.colcon_core.shell:Creating package descriptor '/home/segula/dev_ws/install/articubot_one/share/articubot_one/package.dsv'
[4.498s] INFO:colcon.colcon_core.shell:Creating package script '/home/segula/dev_ws/install/articubot_one/share/articubot_one/package.sh'
[4.500s] INFO:colcon.colcon_core.shell:Creating package script '/home/segula/dev_ws/install/articubot_one/share/articubot_one/package.bash'
[4.501s] INFO:colcon.colcon_core.shell:Creating package script '/home/segula/dev_ws/install/articubot_one/share/articubot_one/package.zsh'
[4.502s] Level 1:colcon.colcon_core.environment:create_file_with_runtime_dependencies(/home/segula/dev_ws/install/articubot_one/share/colcon-core/packages/articubot_one)
[4.502s] DEBUG:colcon.colcon_parallel_executor.executor.parallel:closing loop
[4.503s] DEBUG:colcon.colcon_parallel_executor.executor.parallel:loop closed
[4.503s] DEBUG:colcon.colcon_parallel_executor.executor.parallel:run_until_complete finished with '0'
[4.503s] DEBUG:colcon.colcon_core.event_reactor:joining thread
[4.560s] INFO:colcon.colcon_core.plugin_system:Skipping extension 'colcon_notification.desktop_notification.terminal_notifier': Not used on non-Darwin systems
[4.560s] INFO:colcon.colcon_core.plugin_system:Skipping extension 'colcon_notification.desktop_notification.win32': Not used on non-Windows systems
[4.560s] INFO:colcon.colcon_notification.desktop_notification:Sending desktop notification using 'notify2'
[4.590s] DEBUG:colcon.colcon_core.event_reactor:joined thread
[4.591s] INFO:colcon.colcon_core.shell:Creating prefix script '/home/segula/dev_ws/install/local_setup.ps1'
[4.594s] INFO:colcon.colcon_core.shell:Creating prefix util module '/home/segula/dev_ws/install/_local_setup_util_ps1.py'
[4.598s] INFO:colcon.colcon_core.shell:Creating prefix chain script '/home/segula/dev_ws/install/setup.ps1'
[4.600s] INFO:colcon.colcon_core.shell:Creating prefix script '/home/segula/dev_ws/install/local_setup.sh'
[4.602s] INFO:colcon.colcon_core.shell:Creating prefix util module '/home/segula/dev_ws/install/_local_setup_util_sh.py'
[4.603s] INFO:colcon.colcon_core.shell:Creating prefix chain script '/home/segula/dev_ws/install/setup.sh'
[4.607s] INFO:colcon.colcon_core.shell:Creating prefix script '/home/segula/dev_ws/install/local_setup.bash'
[4.608s] INFO:colcon.colcon_core.shell:Creating prefix chain script '/home/segula/dev_ws/install/setup.bash'
[4.611s] INFO:colcon.colcon_core.shell:Creating prefix script '/home/segula/dev_ws/install/local_setup.zsh'
[4.612s] INFO:colcon.colcon_core.shell:Creating prefix chain script '/home/segula/dev_ws/install/setup.zsh'
